<?xml version="1.0" encoding="UTF-8"?>
<!-- Generated by org.testng.reporters.JUnitXMLReporter -->
<testsuite hostname="FSSCHND1320" name="Default test" tests="34" failures="0" timestamp="19 Apr 2023 14:33:06 GMT" time="21.987" errors="0">
  <testcase name="GetServiceInquiry" time="7.687" classname="com.MOFapi.MOFapi"/>
  <testcase name="InvalidserviceidURLGetStatus" time="0.134" classname="com.MOFapi.MOFapi"/>
  <testcase name="fetchserviceidURLGetStatus" time="0.033" classname="com.MOFapi.MOFapi"/>
  <testcase name="invalidMethodStatus" time="0.04" classname="com.MOFapi.MOFapi"/>
  <testcase name="invalidURLGetStatus" time="0.031" classname="com.MOFapi.MOFapi"/>
  <testcase name="withoutAUTHGetServiceInquiry" time="0.269" classname="com.MOFapi.MOFapi"/>
  <testcase name="minGetServiceAuthID" time="0.729" classname="com.MOFapi.MOFapi"/>
  <testcase name="maxGetServiceAuthID" time="0.458" classname="com.MOFapi.MOFapi"/>
  <testcase name="minGetServiceAuthpwd" time="0.117" classname="com.MOFapi.MOFapi"/>
  <testcase name="maxGetServiceAuthpwd" time="0.274" classname="com.MOFapi.MOFapi"/>
  <testcase name="blankGetServiceAuthID" time="0.286" classname="com.MOFapi.MOFapi"/>
  <testcase name="blankGetServiceAuthpwd" time="0.202" classname="com.MOFapi.MOFapi"/>
  <testcase name="deciGetServiceAuthpwd" time="0.141" classname="com.MOFapi.MOFapi"/>
  <testcase name="InvalidGetServiceAuth" time="0.352" classname="com.MOFapi.MOFapi"/>
  <testcase name="deciGetServiceAuthID" time="2.076" classname="com.MOFapi.MOFapi"/>
  <testcase name="PostServiceInquiryQty" time="0.249" classname="com.MOFapi.MOFapi"/>
  <testcase name="PostServiceInquiryAmt" time="0.635" classname="com.MOFapi.MOFapi"/>
  <testcase name="minPostServiceInquiryAmt" time="0.749" classname="com.MOFapi.MOFapi"/>
  <testcase name="maxPostServiceInquiryAmt" time="0.381" classname="com.MOFapi.MOFapi"/>
  <testcase name="blankPostServiceInquiryAmt" time="0.606" classname="com.MOFapi.MOFapi"/>
  <testcase name="decimalPostServiceInquiryAmt" time="0.018" classname="com.MOFapi.MOFapi"/>
  <testcase name="InvalidPostServiceInquiryAmt" time="0.046" classname="com.MOFapi.MOFapi"/>
  <testcase name="PostServiceInquirylist" time="2.509" classname="com.MOFapi.MOFapi"/>
  <testcase name="blankPostServiceIDInquirylist" time="0.338" classname="com.MOFapi.MOFapi"/>
  <testcase name="blankServicelistPostServiceInquirylist" time="0.135" classname="com.MOFapi.MOFapi"/>
  <testcase name="blankUniqueIDPostServiceInquirylist" time="0.011" classname="com.MOFapi.MOFapi"/>
  <testcase name="deciPostServiceIDInquirylist" time="0.628" classname="com.MOFapi.MOFapi"/>
  <testcase name="invalidPostServiceIDInquirylist" time="0.089" classname="com.MOFapi.MOFapi"/>
  <testcase name="PostServiceTransactionstatus" time="0.722" classname="com.MOFapi.MOFapi"/>
  <testcase name="minPostServiceInquiryQty" time="1.09" classname="com.MOFapi.MOFapi"/>
  <testcase name="blankPostServiceInquiryQty" time="0.153" classname="com.MOFapi.MOFapi"/>
  <testcase name="maxPostServiceInquiryQty" time="0.403" classname="com.MOFapi.MOFapi"/>
  <testcase name="decimalPostServiceInquiryQty" time="0.211" classname="com.MOFapi.MOFapi"/>
  <testcase name="InvalidPostServiceInquiryQty" time="0.02" classname="com.MOFapi.MOFapi"/>
</testsuite> <!-- Default test -->
