<?xml version="1.0" encoding="UTF-8"?>
<!-- Generated by org.testng.reporters.JUnitXMLReporter -->
<testsuite ignored="0" hostname="FSSRENTAL431" failures="0" tests="125" name="MOFApiTests" time="13.398" errors="0" timestamp="29 Jul 2025 11:36:01 GMT">
  <testcase classname="com.MOFapi.MOFapi" name="Fetchvalid_SingleService_ValidServiceid" time="9.263"/>
  <testcase classname="com.MOFapi.MOFapi" name="GetServiceInquiry" time="0.046"/>
  <testcase classname="com.MOFapi.MOFapi" name="MinEntityid_GetServiceInquiry" time="0.033"/>
  <testcase classname="com.MOFapi.MOFapi" name="SpecialCharacterEntityID_GetServiceInquiry" time="0.01"/>
  <testcase classname="com.MOFapi.MOFapi" name="maxEntityID_GetServiceInquiry" time="0.033"/>
  <testcase classname="com.MOFapi.MOFapi" name="AlphaNumericEntityID_GetServiceInquiry" time="0.034"/>
  <testcase classname="com.MOFapi.MOFapi" name="FetchSingleService_InvalidServiceid" time="0.04"/>
  <testcase classname="com.MOFapi.MOFapi" name="InvalidGetServiceInquiry" time="0.064"/>
  <testcase classname="com.MOFapi.MOFapi" name="BlankEntityID_GetServiceInquiry" time="0.08"/>
  <testcase classname="com.MOFapi.MOFapi" name="FetchSingleService_MaxServiceid" time="0.461"/>
  <testcase classname="com.MOFapi.MOFapi" name="DecimalEntityID_GetServiceInquiry" time="0.039"/>
  <testcase classname="com.MOFapi.MOFapi" name="FetchSingleService_MinServiceid" time="0.046"/>
  <testcase classname="com.MOFapi.MOFapi" name="FetchSingleService_BlankServiceid" time="0.034"/>
  <testcase classname="com.MOFapi.MOFapi" name="PostServiceInquiry_BlankServiceId" time="0.097"/>
  <testcase classname="com.MOFapi.MOFapi" name="PostServiceInquiry_InvalidServiceId" time="0.039"/>
  <testcase classname="com.MOFapi.MOFapi" name="PostServiceInquiry_MaxServiceId" time="0.038"/>
  <testcase classname="com.MOFapi.MOFapi" name="PostServiceInquiry_MinServiceId" time="0.03"/>
  <testcase classname="com.MOFapi.MOFapi" name="PostServiceInquiry_ValidServiceId" time="0.032"/>
  <testcase classname="com.MOFapi.MOFapi" name="FetchSingleService_SpecialCharacterServiceid" time="0.006"/>
  <testcase classname="com.MOFapi.MOFapi" name="PostServiceInquiry_SpecialCharacterServiceid" time="0.039"/>
  <testcase classname="com.MOFapi.MOFapi" name="FetchSingleService_AlphaNumericServiceid" time="0.044"/>
  <testcase classname="com.MOFapi.MOFapi" name="PostServiceInquiry_AlphaNumericServiceid" time="0.034"/>
  <testcase classname="com.MOFapi.MOFapi" name="FetchSingleService_DecimalServiceid" time="0.035"/>
  <testcase classname="com.MOFapi.MOFapi" name="PostServiceInquiry_DecimalServiceid" time="0.031"/>
  <testcase classname="com.MOFapi.MOFapi" name="PostServiceInquiry_ValidUniqueID" time="0.037"/>
  <testcase classname="com.MOFapi.MOFapi" name="PostServiceInquiry_InvalidUniqueID" time="0.036"/>
  <testcase classname="com.MOFapi.MOFapi" name="PostServiceInquiry_MaxUniqueID" time="0.039"/>
  <testcase classname="com.MOFapi.MOFapi" name="PostServiceInquiry_MinUniqueID" time="0.036"/>
  <testcase classname="com.MOFapi.MOFapi" name="PostServiceInquiry_BlankUniqueID" time="0.028"/>
  <testcase classname="com.MOFapi.MOFapi" name="PostServiceInquiry_SpecialCharacterUniqueID" time="0.038"/>
  <testcase classname="com.MOFapi.MOFapi" name="PostServiceInquiry_AlphaNumericUniqueID" time="0.043"/>
  <testcase classname="com.MOFapi.MOFapi" name="PostServiceInquiry_DecimalUniqueID" time="0.042"/>
  <testcase classname="com.MOFapi.MOFapi" name="PostServiceInquiry_ValidQuantity" time="0.034"/>
  <testcase classname="com.MOFapi.MOFapi" name="PostServiceInquiry_InvalidQuantity" time="0.037"/>
  <testcase classname="com.MOFapi.MOFapi" name="PostServiceInquiry_MaxQuantity" time="0.028"/>
  <testcase classname="com.MOFapi.MOFapi" name="PostServiceInquiry_MinQuantity" time="0.026"/>
  <testcase classname="com.MOFapi.MOFapi" name="PostServiceInquiry_BlankQuantity" time="0.03"/>
  <testcase classname="com.MOFapi.MOFapi" name="PostServiceInquiry_SpecialCharacterQuantity" time="0.024"/>
  <testcase classname="com.MOFapi.MOFapi" name="PostServiceInquiry_AlphaNumericQuantity" time="0.027"/>
  <testcase classname="com.MOFapi.MOFapi" name="PostServiceInquiry_DecimalQuantity" time="0.031"/>
  <testcase classname="com.MOFapi.MOFapi" name="PostServiceInquiry_ValidServiceidDynamic" time="0.029"/>
  <testcase classname="com.MOFapi.MOFapi" name="PostServiceInquiry_ValidAmount" time="0.027"/>
  <testcase classname="com.MOFapi.MOFapi" name="PostServiceInquiry_InvalidAmount" time="0.025"/>
  <testcase classname="com.MOFapi.MOFapi" name="PostServiceInquiry_MaxAmount" time="0.023"/>
  <testcase classname="com.MOFapi.MOFapi" name="PostServiceInquiry_MinAmount" time="0.037"/>
  <testcase classname="com.MOFapi.MOFapi" name="PostServiceInquiry_BlankAmount" time="0.029"/>
  <testcase classname="com.MOFapi.MOFapi" name="PostServiceInquiry_SpecialCharacterAmount" time="0.026"/>
  <testcase classname="com.MOFapi.MOFapi" name="PostServiceInquiry_AlphaNumericAmount" time="0.029"/>
  <testcase classname="com.MOFapi.MOFapi" name="PostServiceInquiry_DecimalAmount" time="0.025"/>
  <testcase classname="com.MOFapi.MOFapi" name="Transactionstatus_ValidCatalogueTransactionId" time="0.04"/>
  <testcase classname="com.MOFapi.MOFapi" name="Transactionstatus_InvalidCatalogueTransactionId" time="0.027"/>
  <testcase classname="com.MOFapi.MOFapi" name="Transactionstatus_MaxCatalogueTransactionId" time="0.028"/>
  <testcase classname="com.MOFapi.MOFapi" name="Transactionstatus_MinCatalogueTransactionId" time="0.038"/>
  <testcase classname="com.MOFapi.MOFapi" name="Transactionstatus_SpecialCharacterCatalogueTransactionId" time="0.032"/>
  <testcase classname="com.MOFapi.MOFapi" name="Transactionstatus_AlphaNumericCatalogueTransactionId" time="0.037"/>
  <testcase classname="com.MOFapi.MOFapi" name="Transactionstatus_BlankCatalogueTransactionId" time="0.033"/>
  <testcase classname="com.MOFapi.MOFapi" name="Transactionstatus_DecimalCatalogueTransactionId" time="0.033"/>
  <testcase classname="com.MOFapi.MOFapi" name="Transactionstatus_InvalidAcqTransactionstatus" time="0.03"/>
  <testcase classname="com.MOFapi.MOFapi" name="Transactionstatus_ValidAcqTransactionstatus" time="0.032"/>
  <testcase classname="com.MOFapi.MOFapi" name="Transactionstatus_MaxAcqTransactionstatus" time="0.024"/>
  <testcase classname="com.MOFapi.MOFapi" name="Transactionstatus_MinAcqTransactionstatus" time="0.026"/>
  <testcase classname="com.MOFapi.MOFapi" name="Transactionstatus_SpecialCharacterAcqTransactionstatus" time="0.031"/>
  <testcase classname="com.MOFapi.MOFapi" name="Transactionstatus_AlphaNumericAcqTransactionstatus" time="0.024"/>
  <testcase classname="com.MOFapi.MOFapi" name="Transactionstatus_BlankAcqTransactionstatus" time="0.026"/>
  <testcase classname="com.MOFapi.MOFapi" name="Transactionstatus_DecimalAcqTransactionstatus" time="0.024"/>
  <testcase classname="com.MOFapi.MOFapi" name="Transactionstatus_ValidAcqErrorCode" time="0.031"/>
  <testcase classname="com.MOFapi.MOFapi" name="Transactionstatus_InvalidAcqErrorCode" time="0.03"/>
  <testcase classname="com.MOFapi.MOFapi" name="Transactionstatus_MaxAcqErrorCode" time="0.024"/>
  <testcase classname="com.MOFapi.MOFapi" name="Transactionstatus_MinAcqErrorCode" time="0.025"/>
  <testcase classname="com.MOFapi.MOFapi" name="Transactionstatus_SpecialCharacterAcqErrorCode" time="0.026"/>
  <testcase classname="com.MOFapi.MOFapi" name="Transactionstatus_BlankAcqErrorCode" time="0.031"/>
  <testcase classname="com.MOFapi.MOFapi" name="Transactionstatus_DecimalAcqErrorCode" time="0.031"/>
  <testcase classname="com.MOFapi.MOFapi" name="InquiryList_InvalidAmount" time="0.031"/>
  <testcase classname="com.MOFapi.MOFapi" name="InquiryList_InvalidQuantity" time="0.031"/>
  <testcase classname="com.MOFapi.MOFapi" name="InquiryList_InvalidUniqueID" time="0.026"/>
  <testcase classname="com.MOFapi.MOFapi" name="InquiryList_Valid" time="0.022"/>
  <testcase classname="com.MOFapi.MOFapi" name="Transactionstatus_AlphaNumericAcqErrorCode" time="0.023"/>
  <testcase classname="com.MOFapi.MOFapi" name="Transactionstatus_ValidAcqPaymentMode" time="0.027"/>
  <testcase classname="com.MOFapi.MOFapi" name="Transactionstatus_ValidAcqRRN" time="0.021"/>
  <testcase classname="com.MOFapi.MOFapi" name="Transactionstatus_ValidAcqTransactionAmount" time="0.021"/>
  <testcase classname="com.MOFapi.MOFapi" name="Transactionstatus_ValidAcqTransactionId" time="0.023"/>
  <testcase classname="com.MOFapi.MOFapi" name="Transactionstatus_ValidCardName" time="0.021"/>
  <testcase classname="com.MOFapi.MOFapi" name="Transactionstatus_InvalidAcqPaymentMode" time="0.021"/>
  <testcase classname="com.MOFapi.MOFapi" name="Transactionstatus_InvalidAcqRRN" time="0.019"/>
  <testcase classname="com.MOFapi.MOFapi" name="Transactionstatus_InvalidAcqTransactionAmount" time="0.019"/>
  <testcase classname="com.MOFapi.MOFapi" name="Transactionstatus_InvalidAcqTransactionId" time="0.025"/>
  <testcase classname="com.MOFapi.MOFapi" name="Transactionstatus_InvalidCardName" time="0.024"/>
  <testcase classname="com.MOFapi.MOFapi" name="Transactionstatus_ValidAcqErrorText" time="0.04"/>
  <testcase classname="com.MOFapi.MOFapi" name="Transactionstatus_InvalidAcqErrorText" time="0.029"/>
  <testcase classname="com.MOFapi.MOFapi" name="Transactionstatus_MaxAcqPaymentMode" time="0.025"/>
  <testcase classname="com.MOFapi.MOFapi" name="Transactionstatus_MaxAcqRRN" time="0.019"/>
  <testcase classname="com.MOFapi.MOFapi" name="Transactionstatus_MaxAcqTransactionAmount" time="0.018"/>
  <testcase classname="com.MOFapi.MOFapi" name="Transactionstatus_MaxAcqTransactionId" time="0.019"/>
  <testcase classname="com.MOFapi.MOFapi" name="Transactionstatus_MaxCardName" time="0.019"/>
  <testcase classname="com.MOFapi.MOFapi" name="Transactionstatus_MaxAcqErrorText" time="0.022"/>
  <testcase classname="com.MOFapi.MOFapi" name="Transactionstatus_MinAcqPaymentMode" time="0.017"/>
  <testcase classname="com.MOFapi.MOFapi" name="Transactionstatus_MinAcqRRN" time="0.022"/>
  <testcase classname="com.MOFapi.MOFapi" name="Transactionstatus_MinAcqTransactionAmount" time="0.017"/>
  <testcase classname="com.MOFapi.MOFapi" name="Transactionstatus_MinAcqTransactionId" time="0.022"/>
  <testcase classname="com.MOFapi.MOFapi" name="Transactionstatus_MinCardName" time="0.019"/>
  <testcase classname="com.MOFapi.MOFapi" name="Transactionstatus_MinAcqErrorText" time="0.019"/>
  <testcase classname="com.MOFapi.MOFapi" name="Transactionstatus_SpecialCharacterAcqPaymentMode" time="0.017"/>
  <testcase classname="com.MOFapi.MOFapi" name="Transactionstatus_SpecialCharacterAcqRRN" time="0.021"/>
  <testcase classname="com.MOFapi.MOFapi" name="Transactionstatus_SpecialCharacterAcqTransactionAmount" time="0.028"/>
  <testcase classname="com.MOFapi.MOFapi" name="Transactionstatus_SpecialCharacterAcqTransactionId" time="0.024"/>
  <testcase classname="com.MOFapi.MOFapi" name="Transactionstatus_SpecialCharacterCardName" time="0.029"/>
  <testcase classname="com.MOFapi.MOFapi" name="Transactionstatus_AlphaNumericAcqPaymentMode" time="0.024"/>
  <testcase classname="com.MOFapi.MOFapi" name="Transactionstatus_AlphaNumericAcqRRN" time="0.018"/>
  <testcase classname="com.MOFapi.MOFapi" name="Transactionstatus_AlphaNumericAcqTransactionAmount" time="0.018"/>
  <testcase classname="com.MOFapi.MOFapi" name="Transactionstatus_AlphaNumericAcqTransactionId" time="0.017"/>
  <testcase classname="com.MOFapi.MOFapi" name="Transactionstatus_AlphaNumericCardName" time="0.014"/>
  <testcase classname="com.MOFapi.MOFapi" name="Transactionstatus_SpecialCharacterAcqErrorText" time="0.017"/>
  <testcase classname="com.MOFapi.MOFapi" name="Transactionstatus_AlphaNumericAcqErrorText" time="0.015"/>
  <testcase classname="com.MOFapi.MOFapi" name="Transactionstatus_BlankAcqPaymentMode" time="0.017"/>
  <testcase classname="com.MOFapi.MOFapi" name="Transactionstatus_BlankAcqRRN" time="0.02"/>
  <testcase classname="com.MOFapi.MOFapi" name="Transactionstatus_BlankAcqTransactionAmount" time="0.02"/>
  <testcase classname="com.MOFapi.MOFapi" name="Transactionstatus_BlankAcqTransactionId" time="0.02"/>
  <testcase classname="com.MOFapi.MOFapi" name="Transactionstatus_BlankCardName" time="0.018"/>
  <testcase classname="com.MOFapi.MOFapi" name="Transactionstatus_BlankAcqErrorText" time="0.025"/>
  <testcase classname="com.MOFapi.MOFapi" name="Transactionstatus_DecimalAcqPaymentMode" time="0.027"/>
  <testcase classname="com.MOFapi.MOFapi" name="Transactionstatus_DecimalAcqRRN" time="0.021"/>
  <testcase classname="com.MOFapi.MOFapi" name="Transactionstatus_DecimalAcqTransactionAmount" time="0.023"/>
  <testcase classname="com.MOFapi.MOFapi" name="Transactionstatus_DecimalAcqTransactionId" time="0.026"/>
  <testcase classname="com.MOFapi.MOFapi" name="Transactionstatus_DecimalCardName" time="0.035"/>
  <testcase classname="com.MOFapi.MOFapi" name="Transactionstatus_DecimalAcqErrorText" time="0.02"/>
</testsuite> <!-- MOFApiTests -->
